[2014-12-18 14:35:11] START
[2014-12-18 14:53:36] EDIT Page_app/controllers/default.py: -4
[2014-12-18 14:53:45] EDIT Page_app/controllers/default.py: -1
[2014-12-18 14:53:47] EDIT Page_app/controllers/default.py: 0
[2014-12-18 14:55:49] EDIT Page_app/views/default/index.html: 2
[2014-12-18 14:56:12] EDIT Page_app/views/default/index.html: -31
[2014-12-18 14:56:29] EDIT Page_app/views/default/index.html: 29
[2014-12-18 14:57:14] EDIT Page_app/views/default/index.html: -30
[2014-12-18 14:59:13] EDIT Page_app/views/default/index.html: 5
[2014-12-18 15:00:22] EDIT Page_app/controllers/default.py: 0
[2014-12-18 15:00:27] EDIT Page_app/controllers/default.py: 0
[2014-12-18 15:01:03] EDIT Page_app/views/default/index.html: 0
[2014-12-18 15:01:06] EDIT Page_app/controllers/default.py: 0
[2014-12-18 15:02:44] EDIT Page_app/views/default/index.html: 2
[2014-12-18 15:02:47] EDIT Page_app/views/default/index.html: 0
[2014-12-18 15:03:03] EDIT Page_app/views/default/index.html: 15
[2014-12-18 15:03:07] EDIT Page_app/views/default/index.html: 0
[2014-12-18 15:04:00] EDIT Page_app/views/default/index.html: 2
[2014-12-18 15:09:32] EDIT Page_app/controllers/default.py: 0
[2014-12-18 15:09:45] EDIT Page_app/views/default/index.html: 0
[2014-12-18 15:10:01] EDIT Page_app/views/default/index.html: 0
[2014-12-18 15:10:09] EDIT Page_app/views/default/index.html: 0
[2014-12-18 15:10:20] EDIT Page_app/views/default/index.html: 0
[2014-12-18 15:10:22] EDIT Page_app/views/default/index.html: 0
[2014-12-18 15:11:01] EDIT Page_app/views/default/index.html: 0
[2014-12-18 15:12:28] EDIT Page_app/views/default/index.html: 0
[2014-12-18 15:12:44] EDIT Page_app/controllers/default.py: 0
[2014-12-18 15:12:53] EDIT Page_app/views/default/index.html: 0
[2014-12-18 15:13:59] EDIT Page_app/views/default/index.html: 0
[2014-12-18 15:18:27] EDIT Page_app/controllers/default.py: 4
[2014-12-18 15:20:11] EDIT Page_app/controllers/default.py: 9
[2014-12-18 15:20:20] EDIT Page_app/controllers/default.py: 0
[2014-12-18 15:20:35] EDIT Page_app/controllers/default.py: 1
[2014-12-18 15:23:11] EDIT Page_app/controllers/default.py: 0
[2014-12-18 15:28:11] EDIT Page_app/controllers/default.py: 11
[2014-12-18 15:30:08] EDIT Page_app/controllers/default.py: -20
[2014-12-18 15:37:19] EDIT Page_app/controllers/default.py: 21
[2014-12-18 15:37:54] EDIT Page_app/controllers/default.py: 0
[2014-12-18 15:40:37] EDIT Page_app/controllers/default.py: -6
[2014-12-18 15:42:24] EDIT Page_app/controllers/default.py: 1
[2014-12-18 15:44:33] EDIT Page_app/controllers/default.py: 1
[2014-12-18 15:44:36] EDIT Page_app/controllers/default.py: 0
[2014-12-18 15:45:06] EDIT Page_app/controllers/default.py: 0
[2014-12-18 15:45:10] EDIT Page_app/controllers/default.py: 0
[2014-12-18 15:45:38] EDIT Page_app/controllers/default.py: -1
[2014-12-18 15:46:54] EDIT Page_app/controllers/default.py: -1
[2014-12-18 15:47:22] EDIT Page_app/controllers/default.py: 0
[2014-12-18 15:47:53] EDIT Page_app/views/default/index.html: 1
[2014-12-18 15:48:45] EDIT Page_app/controllers/default.py: 0
[2014-12-18 15:52:49] EDIT Page_app/controllers/default.py: 0
[2014-12-18 15:53:09] EDIT Page_app/controllers/default.py: 0
[2014-12-18 15:55:21] EDIT Page_app/views/default/index.html: 5
[2014-12-18 15:55:35] EDIT Page_app/views/default/index.html: 0
[2014-12-18 15:56:13] EDIT Page_app/views/default/index.html: 1
[2014-12-18 15:56:36] EDIT Page_app/views/default/index.html: 0
[2014-12-18 15:57:33] EDIT Page_app/views/default/index.html: 1
[2014-12-18 16:02:51] EDIT Page_app/views/default/index.html: 2
[2014-12-18 16:03:19] EDIT Page_app/views/default/index.html: 0
[2014-12-18 16:04:07] EDIT Page_app/views/default/index.html: -8
[2014-12-18 16:04:15] EDIT Page_app/views/default/index.html: -1
[2014-12-18 16:04:28] EDIT Page_app/views/default/index.html: 0
[2014-12-18 16:04:49] EDIT Page_app/controllers/default.py: 0
[2014-12-18 16:05:23] EDIT Page_app/views/default/index.html: 0
[2014-12-18 16:05:51] EDIT Page_app/controllers/default.py: 0
[2014-12-18 16:06:36] EDIT Page_app/controllers/default.py: 0
[2014-12-18 16:07:11] EDIT Page_app/controllers/default.py: 0
[2014-12-18 16:07:13] EDIT Page_app/controllers/default.py: 0
[2014-12-18 16:07:39] EDIT Page_app/views/default/index.html: -1
[2014-12-18 16:08:08] EDIT Page_app/views/default/index.html: 1
[2014-12-18 16:09:06] EDIT Page_app/controllers/default.py: 1
[2014-12-18 16:09:20] EDIT Page_app/controllers/default.py: 0
[2014-12-18 16:10:28] EDIT Page_app/controllers/default.py: 2
[2014-12-18 16:11:29] EDIT Page_app/views/default/index.html: -1
[2014-12-18 16:12:56] EDIT Page_app/views/default/index.html: 8
[2014-12-18 16:13:00] EDIT Page_app/views/default/index.html: 0
[2014-12-18 16:13:53] EDIT Page_app/views/default/index.html: 2
[2014-12-18 16:13:55] EDIT Page_app/views/default/index.html: 0
[2014-12-18 16:14:12] EDIT Page_app/views/default/index.html: 0
[2014-12-18 16:14:26] EDIT Page_app/views/default/index.html: -2
[2014-12-18 16:14:38] EDIT Page_app/views/default/index.html: 0
[2014-12-18 16:15:02] EDIT Page_app/views/default/index.html: 1
[2014-12-18 16:16:26] EDIT Page_app/views/default/index.html: 0
[2014-12-18 16:16:30] EDIT Page_app/views/default/index.html: 0
[2014-12-18 16:16:35] EDIT Page_app/views/default/index.html: 0
[2014-12-18 16:29:25] EDIT Page_app/views/default/index.html: 4
[2014-12-18 16:30:17] EDIT Page_app/views/default/index.html: 0
[2014-12-18 16:32:00] EDIT Page_app/views/default/index.html: 0
[2014-12-18 16:32:15] EDIT Page_app/views/default/index.html: -5
[2014-12-18 16:32:29] EDIT Page_app/controllers/default.py: 0
[2014-12-18 16:32:35] EDIT Page_app/views/default/index.html: 0
[2014-12-18 16:32:41] EDIT Page_app/views/default/index.html: 0
[2014-12-18 16:34:56] EDIT Page_app/views/default/index.html: 4
[2014-12-18 16:35:48] EDIT Page_app/controllers/default.py: 0
[2014-12-18 16:37:29] EDIT Page_app/views/default/index.html: 2
[2014-12-18 16:39:18] EDIT Page_app/views/default/index.html: 1
[2014-12-18 16:39:41] EDIT Page_app/views/default/index.html: -4
[2014-12-18 16:41:06] EDIT Page_app/views/default/index.html: -3
[2014-12-18 16:41:25] EDIT Page_app/views/default/index.html: 0
[2014-12-18 16:42:08] EDIT Page_app/views/default/index.html: -1
[2014-12-18 16:43:44] EDIT Page_app/views/default/index.html: 1
[2014-12-18 16:45:14] EDIT Page_app/views/default/index.html: 2
[2014-12-18 16:45:26] EDIT Page_app/views/default/index.html: 0
[2014-12-18 16:45:35] EDIT Page_app/views/default/index.html: 0
[2014-12-18 16:46:57] EDIT Page_app/views/default/index.html: -6
[2014-12-18 16:47:07] EDIT Page_app/views/default/index.html: 6
[2014-12-18 16:48:04] EDIT Page_app/views/default/index.html: 0
[2014-12-18 16:48:16] EDIT Page_app/views/default/index.html: 0
[2014-12-18 16:50:05] EDIT Page_app/controllers/default.py: 0
[2014-12-18 16:51:41] EDIT Page_app/controllers/default.py: 0
[2014-12-18 16:52:13] EDIT Page_app/controllers/default.py: 1
[2014-12-18 16:53:20] EDIT Page_app/controllers/default.py: -2
[2014-12-18 16:53:21] EDIT Page_app/controllers/default.py: 0
[2014-12-18 16:56:20] EDIT Page_app/controllers/default.py: 3
[2014-12-18 16:56:22] EDIT Page_app/controllers/default.py: 0
[2014-12-18 16:56:22] EDIT Page_app/controllers/default.py: 0
[2014-12-18 16:56:33] EDIT Page_app/controllers/default.py: 0
[2014-12-18 16:56:42] EDIT Page_app/controllers/default.py: 0
[2014-12-18 16:57:15] EDIT Page_app/controllers/default.py: 0
[2014-12-18 16:57:19] EDIT Page_app/controllers/default.py: 0
[2014-12-18 16:59:42] EDIT Page_app/views/default/index.html: 0
[2014-12-18 16:59:49] EDIT Page_app/views/default/index.html: 0
[2014-12-18 17:00:20] EDIT Page_app/views/default/index.html: 0
[2014-12-18 17:02:53] EDIT Page_app/views/default/index.html: 0
[2014-12-18 17:02:55] EDIT Page_app/views/default/index.html: 0
[2014-12-18 17:03:22] EDIT Page_app/views/default/index.html: 1
[2014-12-18 17:03:53] EDIT Page_app/views/default/index.html: -1
[2014-12-18 17:04:50] EDIT Page_app/views/default/index.html: 0
[2014-12-18 17:05:55] EDIT Page_app/views/default/index.html: 0
[2014-12-18 17:07:43] EDIT Page_app/views/default/index.html: 0
[2014-12-18 17:09:34] EDIT Page_app/controllers/default.py: 1
[2014-12-18 17:09:42] EDIT Page_app/controllers/default.py: 0
[2014-12-18 17:15:37] EDIT Page_app/controllers/default.py: 0
[2014-12-18 17:15:43] EDIT Page_app/controllers/default.py: 0
[2014-12-18 17:15:56] EDIT Page_app/controllers/default.py: 0
[2014-12-18 17:16:05] EDIT Page_app/controllers/default.py: 0
[2014-12-18 17:16:11] EDIT Page_app/controllers/default.py: 0
[2014-12-18 17:18:06] EDIT Page_app/controllers/default.py: 0
[2014-12-18 17:18:14] EDIT Page_app/controllers/default.py: 0
[2014-12-18 17:18:28] EDIT Page_app/views/default/index.html: 0
[2014-12-18 17:18:39] EDIT Page_app/controllers/default.py: 0
[2014-12-18 17:18:48] EDIT Page_app/views/default/index.html: 0
[2014-12-18 17:18:52] EDIT Page_app/views/default/index.html: 0
[2014-12-18 17:21:20] EDIT Page_app/static/css/web2py.css: 3
[2014-12-18 17:21:24] EDIT Page_app/static/css/web2py.css: 0
[2014-12-18 17:21:27] EDIT Page_app/static/css/web2py.css: 0
[2014-12-18 17:22:12] EDIT Page_app/static/css/web2py.css: 0
[2014-12-18 17:22:14] EDIT Page_app/static/css/web2py.css: 0
[2014-12-18 17:22:17] EDIT Page_app/static/css/web2py.css: 0
[2014-12-18 17:22:58] EDIT Page_app/controllers/default.py: 0
[2014-12-18 17:23:36] EDIT Page_app/static/css/web2py.css: 0
[2014-12-18 17:23:51] EDIT Page_app/static/css/web2py.css: -3
[2014-12-18 17:24:10] EDIT Page_app/views/default/index.html: -1
[2014-12-18 17:24:16] EDIT Page_app/views/default/index.html: 1
[2014-12-18 17:25:40] CREATE page_app.css: 0
[2014-12-18 17:26:08] DELETE Page_app/static/page_app.css: 0
[2014-12-18 17:26:31] CREATE page_app.css: 0
[2014-12-18 17:26:50] DELETE Page_app/static/page_app.css: 0
[2014-12-18 17:29:00] CREATE css/teste.css: 0
[2014-12-18 17:29:07] DELETE Page_app/static/css/teste.css: 0
[2014-12-18 17:35:54] EDIT Page_app/views/default/index.html: 3
[2014-12-18 17:36:30] EDIT Page_app/views/default/index.html: 0
[2014-12-18 17:36:33] EDIT Page_app/views/default/index.html: 0
[2014-12-18 17:37:53] EDIT Page_app/static/css/page_app.css: 3
[2014-12-18 17:38:16] EDIT Page_app/static/css/page_app.css: 0
[2014-12-18 17:38:39] EDIT Page_app/static/css/page_app.css: -1
[2014-12-18 17:38:43] EDIT Page_app/static/css/page_app.css: 0
[2014-12-18 17:39:05] EDIT Page_app/views/default/index.html: 0
[2014-12-18 17:41:01] EDIT Page_app/views/default/index.html: -2
[2014-12-18 17:41:07] EDIT Page_app/views/default/index.html: 0
[2014-12-18 17:41:20] EDIT Page_app/views/default/index.html: 0
[2014-12-18 17:41:41] EDIT Page_app/static/css/page_app.css: 0
[2014-12-18 17:41:53] EDIT Page_app/views/default/index.html: 0
[2014-12-18 17:42:44] EDIT Page_app/views/default/index.html: 0
[2014-12-18 17:44:31] EDIT Page_app/static/css/page_app.css: 0
[2014-12-18 17:46:26] EDIT Page_app/views/default/index.html: 0
[2014-12-18 17:46:37] EDIT Page_app/views/default/index.html: 0
[2014-12-18 17:47:03] EDIT Page_app/static/css/page_app.css: 0
[2014-12-18 17:47:13] EDIT Page_app/static/css/page_app.css: 0
[2014-12-18 17:47:29] EDIT Page_app/views/default/index.html: 0
[2014-12-18 17:47:33] EDIT Page_app/controllers/default.py: 0
[2014-12-18 17:47:35] EDIT Page_app/static/css/page_app.css: 0
[2014-12-18 17:48:20] EDIT Page_app/views/default/index.html: 0
[2014-12-18 17:52:45] EDIT Page_app/controllers/default.py: 0
[2014-12-18 17:53:19] EDIT Page_app/controllers/default.py: 0
[2014-12-18 17:53:22] EDIT Page_app/controllers/default.py: 0
[2014-12-18 17:53:30] EDIT Page_app/controllers/default.py: 1
[2014-12-18 17:53:45] EDIT Page_app/controllers/default.py: 0
[2014-12-18 17:54:44] EDIT Page_app/controllers/default.py: 0
[2014-12-18 17:54:47] EDIT Page_app/controllers/default.py: 0
[2014-12-18 17:55:01] EDIT Page_app/controllers/default.py: 0
[2014-12-18 17:55:33] EDIT Page_app/controllers/default.py: 0
[2014-12-18 17:57:30] EDIT Page_app/controllers/default.py: 0
[2014-12-18 17:57:52] EDIT Page_app/controllers/default.py: 1
[2014-12-18 17:59:08] EDIT Page_app/controllers/default.py: 0
[2014-12-18 17:59:25] EDIT Page_app/controllers/default.py: 0
[2014-12-18 18:00:32] EDIT Page_app/controllers/default.py: 0
[2014-12-18 18:00:49] EDIT Page_app/controllers/default.py: 0
[2014-12-18 18:01:08] EDIT Page_app/controllers/default.py: 0
[2014-12-18 18:02:10] EDIT Page_app/static/css/page_app.css: 1
[2014-12-18 18:02:36] EDIT Page_app/static/css/page_app.css: 0
[2014-12-18 18:02:45] EDIT Page_app/static/css/page_app.css: 0
[2014-12-18 18:05:33] EDIT Page_app/views/default/index.html: 0
[2014-12-18 18:06:07] EDIT Page_app/static/css/page_app.css: 0
[2014-12-18 18:06:43] EDIT Page_app/views/default/index.html: 2
[2014-12-18 18:07:45] EDIT Page_app/views/default/index.html: 1
[2014-12-18 18:07:50] EDIT Page_app/views/default/index.html: 0
[2014-12-18 18:08:20] EDIT Page_app/views/default/index.html: 0
[2014-12-18 18:08:23] EDIT Page_app/views/default/index.html: 0
[2014-12-18 18:10:44] EDIT Page_app/views/default/index.html: -1
[2014-12-18 18:11:38] EDIT Page_app/views/default/index.html: 0
[2014-12-18 18:11:59] EDIT Page_app/views/default/index.html: 0
[2014-12-18 18:13:39] EDIT Page_app/views/default/index.html: 0
[2014-12-18 18:14:03] EDIT Page_app/views/default/index.html: 0
[2014-12-18 18:14:37] EDIT Page_app/views/default/index.html: 0
[2014-12-18 18:15:07] EDIT Page_app/views/default/index.html: 0
[2014-12-18 18:15:15] EDIT Page_app/views/default/index.html: 0
[2014-12-18 18:15:16] EDIT Page_app/views/default/index.html: 0
[2014-12-18 18:15:51] EDIT Page_app/views/default/index.html: 0
[2014-12-18 18:16:52] EDIT Page_app/views/default/index.html: 0
[2014-12-18 18:18:52] EDIT Page_app/views/default/index.html: 0
[2014-12-18 18:21:21] EDIT Page_app/views/default/index.html: 1
[2014-12-18 18:23:19] EDIT Page_app/views/default/index.html: 0
[2014-12-18 18:25:52] EDIT Page_app/views/default/index.html: 1
[2014-12-18 18:26:46] EDIT Page_app/views/default/index.html: 1
[2014-12-18 18:27:19] EDIT Page_app/views/default/index.html: 0
[2014-12-18 18:27:46] EDIT Page_app/views/default/index.html: 0
[2014-12-18 18:29:18] EDIT Page_app/controllers/default.py: -2
[2014-12-18 18:29:21] EDIT Page_app/controllers/default.py: 0
[2014-12-18 18:30:26] EDIT Page_app/views/default/index.html: -6
[2014-12-18 18:37:59] EDIT Page_app/controllers/default.py: 2
[2014-12-18 18:45:00] EDIT Page_app/views/default/index.html: 9
[2014-12-18 18:48:17] EDIT Page_app/views/default/index.html: -7
[2014-12-18 18:49:02] EDIT Page_app/views/default/index.html: 0
[2014-12-18 18:49:37] EDIT Page_app/views/default/index.html: 0
[2014-12-18 18:50:02] EDIT Page_app/views/default/index.html: 0
[2014-12-18 18:50:15] EDIT Page_app/views/default/index.html: 0
[2014-12-18 18:51:43] EDIT Page_app/views/default/index.html: -2
[2014-12-18 18:54:06] EDIT Page_app/views/default/index.html: -2
[2014-12-18 18:54:28] EDIT Page_app/views/default/index.html: 0
[2014-12-18 18:55:55] EDIT Page_app/controllers/default.py: 0
[2014-12-18 18:56:17] EDIT Page_app/controllers/default.py: 0
[2014-12-18 18:56:22] EDIT Page_app/views/default/index.html: 0
[2014-12-18 18:57:28] EDIT Page_app/views/default/index.html: 0
[2014-12-18 18:57:50] EDIT Page_app/controllers/default.py: 0
[2014-12-18 19:00:26] EDIT Page_app/views/default/index.html: 1
[2014-12-18 19:00:36] EDIT Page_app/views/default/index.html: 0
[2014-12-18 19:01:01] EDIT Page_app/views/default/index.html: 0
[2014-12-18 19:02:57] EDIT Page_app/views/default/index.html: 0
[2014-12-18 19:04:48] EDIT Page_app/views/default/index.html: 1
[2014-12-18 19:05:49] EDIT Page_app/views/default/index.html: 0
[2014-12-18 19:06:37] EDIT Page_app/views/default/index.html: 1
[2014-12-18 19:06:53] EDIT Page_app/views/default/index.html: 1
[2014-12-18 19:08:35] EDIT Page_app/views/default/index.html: 0
[2014-12-18 19:09:48] EDIT Page_app/views/default/index.html: 0
[2014-12-18 19:10:01] EDIT Page_app/views/default/index.html: 0
[2014-12-18 19:11:13] EDIT Page_app/static/css/page_app.css: 3
[2014-12-18 19:12:30] EDIT Page_app/controllers/default.py: 0
[2014-12-18 19:13:36] EDIT Page_app/static/css/page_app.css: 3
[2014-12-18 19:14:21] EDIT Page_app/views/default/index.html: 1
[2014-12-18 19:14:56] EDIT Page_app/static/css/page_app.css: 2
[2014-12-18 19:15:15] EDIT Page_app/static/css/page_app.css: 0
[2014-12-18 19:15:34] EDIT Page_app/static/css/page_app.css: 1
[2014-12-18 19:15:37] EDIT Page_app/static/css/page_app.css: 0
[2014-12-18 19:16:19] EDIT Page_app/static/css/page_app.css: 1
[2014-12-18 19:16:27] EDIT Page_app/static/css/page_app.css: -3
[2014-12-18 19:16:44] EDIT Page_app/static/css/page_app.css: 0
[2014-12-18 19:17:07] EDIT Page_app/views/default/index.html: 1
[2014-12-18 19:18:19] EDIT Page_app/views/default/index.html: 2
[2014-12-18 19:19:52] EDIT Page_app/static/css/page_app.css: 4
[2014-12-18 19:19:55] EDIT Page_app/static/css/page_app.css: 0
[2014-12-18 19:20:24] EDIT Page_app/static/css/page_app.css: 3
[2014-12-18 19:20:28] EDIT Page_app/static/css/page_app.css: 0
[2014-12-18 19:22:36] EDIT Page_app/static/css/page_app.css: 0
[2014-12-18 19:23:44] EDIT Page_app/static/css/page_app.css: 2
[2014-12-18 19:24:26] EDIT Page_app/static/css/page_app.css: 2
[2014-12-18 19:24:29] EDIT Page_app/static/css/page_app.css: 0
[2014-12-18 19:25:57] EDIT Page_app/static/css/page_app.css: 2
[2014-12-18 19:26:00] EDIT Page_app/static/css/page_app.css: 0
[2014-12-18 19:26:00] EDIT Page_app/static/css/page_app.css: 0
[2014-12-18 19:26:26] EDIT Page_app/static/css/page_app.css: 1
[2014-12-18 19:26:58] EDIT Page_app/static/css/page_app.css: 0
[2014-12-18 19:27:24] EDIT Page_app/static/css/page_app.css: 1
[2014-12-18 19:28:31] EDIT Page_app/static/css/page_app.css: 3
[2014-12-18 19:28:54] EDIT Page_app/static/css/page_app.css: 0
[2014-12-18 19:29:32] EDIT Page_app/views/default/index.html: 0
[2014-12-18 19:29:38] EDIT Page_app/static/css/page_app.css: 0
[2014-12-18 19:29:55] EDIT Page_app/static/css/page_app.css: 1
[2014-12-18 19:31:14] EDIT Page_app/static/css/page_app.css: 2
[2014-12-18 19:31:38] EDIT Page_app/static/css/page_app.css: 1
[2014-12-18 19:31:39] EDIT Page_app/controllers/default.py: 0
[2014-12-18 19:31:41] EDIT Page_app/views/default/index.html: 0
[2014-12-18 19:34:17] EDIT Page_app/static/css/page_app.css: -1
[2014-12-18 19:35:03] EDIT Page_app/static/css/page_app.css: 1
[2014-12-18 19:35:29] EDIT Page_app/static/css/page_app.css: 1
[2014-12-18 19:38:05] EDIT Page_app/static/css/page_app.css: 0
[2014-12-18 19:38:26] EDIT Page_app/static/css/page_app.css: -1
[2014-12-18 19:38:57] EDIT Page_app/static/css/page_app.css: -1
[2014-12-18 19:39:44] EDIT Page_app/static/css/page_app.css: 0
[2014-12-18 19:40:38] EDIT Page_app/static/css/page_app.css: 1
[2014-12-18 19:41:21] EDIT Page_app/static/css/page_app.css: 1
[2014-12-18 22:09:46] EDIT Page_app/static/css/page_app.css: 0
[2014-12-18 22:13:45] EDIT Page_app/views/default/index.html: 0
[2014-12-18 22:17:08] EDIT Page_app/views/default/index.html: 0
[2014-12-20 11:27:10] EDIT Page_app/views/default/index.html: 0
[2014-12-20 11:28:10] EDIT Page_app/controllers/default.py: 0
[2014-12-20 11:28:51] EDIT Page_app/controllers/default.py: 0
[2014-12-20 11:29:59] EDIT Page_app/controllers/default.py: 1
[2014-12-20 11:30:41] EDIT Page_app/controllers/default.py: 0
[2014-12-20 11:31:32] EDIT Page_app/controllers/default.py: -1
[2014-12-20 11:32:11] EDIT Page_app/controllers/default.py: 0
[2014-12-20 11:32:43] EDIT Page_app/controllers/default.py: 0
[2014-12-20 11:34:10] EDIT Page_app/controllers/default.py: 0
[2014-12-20 11:34:47] EDIT Page_app/controllers/default.py: 0
[2014-12-20 11:35:59] EDIT Page_app/controllers/default.py: 0
[2014-12-20 11:40:48] EDIT Page_app/controllers/default.py: 0
[2014-12-20 11:41:12] EDIT Page_app/controllers/default.py: 0
[2014-12-20 11:41:57] EDIT Page_app/controllers/default.py: 0
[2014-12-20 11:42:28] EDIT Page_app/controllers/default.py: 0
[2014-12-20 11:42:36] EDIT Page_app/controllers/default.py: 1
[2014-12-20 11:43:34] EDIT Page_app/controllers/default.py: 0
[2014-12-20 11:47:05] EDIT Page_app/controllers/default.py: 0
[2014-12-20 11:47:09] EDIT Page_app/controllers/default.py: 0
[2014-12-20 11:48:12] EDIT Page_app/controllers/default.py: 0
[2014-12-20 11:50:10] EDIT Page_app/controllers/default.py: 0
[2014-12-20 11:50:32] EDIT Page_app/controllers/default.py: 0
[2014-12-20 11:52:07] EDIT Page_app/views/default/index.html: 0
[2014-12-20 11:52:12] EDIT Page_app/views/default/index.html: 0
[2014-12-20 11:52:32] EDIT Page_app/views/default/index.html: 0
[2014-12-20 11:52:39] EDIT Page_app/views/default/index.html: 0
[2014-12-20 11:53:03] EDIT Page_app/views/default/index.html: 0
[2014-12-20 11:59:29] EDIT Page_app/controllers/default.py: -2
[2014-12-20 12:00:12] EDIT Page_app/views/default/index.html: 0
[2014-12-20 12:00:20] EDIT Page_app/views/default/index.html: 0
[2014-12-20 12:00:34] EDIT Page_app/views/default/index.html: 0
[2014-12-20 12:03:30] EDIT Page_app/controllers/default.py: 0
[2014-12-20 12:03:53] EDIT Page_app/controllers/default.py: 0
[2014-12-20 12:03:56] EDIT Page_app/controllers/default.py: 0
[2014-12-20 12:04:02] EDIT Page_app/controllers/default.py: 0
[2014-12-20 12:04:36] EDIT Page_app/controllers/default.py: 0
[2014-12-20 12:04:42] EDIT Page_app/controllers/default.py: 0
[2014-12-20 12:06:11] EDIT Page_app/controllers/default.py: 3
[2014-12-20 12:07:24] EDIT Page_app/controllers/default.py: 0
[2014-12-20 12:07:28] EDIT Page_app/controllers/default.py: 0
[2014-12-20 12:07:54] EDIT Page_app/controllers/default.py: 0
[2014-12-20 12:08:45] EDIT Page_app/views/default/index.html: 0
[2014-12-20 12:09:11] EDIT Page_app/views/default/index.html: 0
[2014-12-20 12:09:29] EDIT Page_app/views/default/index.html: 0
[2014-12-20 12:10:54] EDIT Page_app/controllers/default.py: 0
[2014-12-20 12:12:17] EDIT Page_app/controllers/default.py: 0
[2014-12-20 12:12:32] EDIT Page_app/controllers/default.py: -1
[2014-12-20 12:12:39] EDIT Page_app/controllers/default.py: 1
[2014-12-20 12:13:16] EDIT Page_app/controllers/default.py: 1
[2014-12-20 12:15:34] EDIT Page_app/controllers/default.py: -1
[2014-12-20 12:15:53] EDIT Page_app/controllers/default.py: 0
[2014-12-20 12:16:37] EDIT Page_app/controllers/default.py: 0
[2014-12-20 12:17:05] EDIT Page_app/controllers/default.py: 0
[2014-12-20 12:17:09] EDIT Page_app/controllers/default.py: 0
[2014-12-20 12:17:40] EDIT Page_app/controllers/default.py: 0
[2014-12-20 13:14:32] EDIT Page_app/controllers/default.py: 0
[2014-12-20 13:15:07] EDIT Page_app/controllers/default.py: 0
[2014-12-20 13:18:01] EDIT Page_app/controllers/default.py: 1
[2014-12-20 13:18:09] EDIT Page_app/controllers/default.py: 0
[2014-12-20 13:18:12] EDIT Page_app/controllers/default.py: 0
[2014-12-20 13:18:14] EDIT Page_app/controllers/default.py: 0
[2014-12-20 13:20:15] EDIT Page_app/controllers/default.py: -2
[2014-12-20 13:21:09] EDIT Page_app/controllers/default.py: 0
[2014-12-20 13:23:19] EDIT Page_app/controllers/default.py: 1
[2014-12-20 13:23:51] EDIT Page_app/controllers/default.py: 0
[2014-12-20 13:24:39] EDIT Page_app/controllers/default.py: 0
[2014-12-20 13:25:16] EDIT Page_app/controllers/default.py: 0
[2014-12-20 13:25:35] EDIT Page_app/views/default/index.html: 1
[2014-12-20 13:27:22] EDIT Page_app/controllers/default.py: 0
[2014-12-20 13:27:37] EDIT Page_app/controllers/default.py: 1
[2014-12-20 13:28:16] EDIT Page_app/controllers/default.py: -1
[2014-12-20 13:28:27] EDIT Page_app/views/default/index.html: 0
[2014-12-20 13:28:59] EDIT Page_app/controllers/default.py: 1
[2014-12-20 13:29:38] EDIT Page_app/controllers/default.py: 0
[2014-12-20 13:30:03] EDIT Page_app/controllers/default.py: 0
[2014-12-20 13:30:27] EDIT Page_app/controllers/default.py: 0
[2014-12-20 13:30:58] EDIT Page_app/controllers/default.py: 0
[2014-12-20 13:32:47] EDIT Page_app/controllers/default.py: 0
[2014-12-20 13:32:51] EDIT Page_app/controllers/default.py: 0
[2014-12-20 13:33:31] EDIT Page_app/controllers/default.py: 0
[2014-12-20 13:33:58] EDIT Page_app/controllers/default.py: 0
[2014-12-20 13:34:04] EDIT Page_app/controllers/default.py: 0
[2014-12-20 13:34:21] EDIT Page_app/controllers/default.py: 0
[2014-12-20 13:34:29] EDIT Page_app/controllers/default.py: 0
[2014-12-20 13:35:10] EDIT Page_app/controllers/default.py: -1
[2014-12-20 13:36:01] EDIT Page_app/controllers/default.py: 0
[2014-12-20 13:36:33] EDIT Page_app/controllers/default.py: 1
[2014-12-20 13:37:48] EDIT Page_app/controllers/default.py: 1
[2014-12-20 13:37:52] EDIT Page_app/controllers/default.py: -1
[2014-12-20 13:38:23] EDIT Page_app/controllers/default.py: 0
[2014-12-20 13:57:26] EDIT Page_app/controllers/default.py: 1
[2014-12-20 13:57:59] EDIT Page_app/controllers/default.py: 0
[2014-12-20 13:58:09] EDIT Page_app/views/default/index.html: 1
[2014-12-20 14:01:03] EDIT Page_app/controllers/default.py: 0
[2014-12-20 14:01:25] EDIT Page_app/controllers/default.py: 0
[2014-12-20 14:01:39] EDIT Page_app/controllers/default.py: 0
[2014-12-20 14:02:40] EDIT Page_app/controllers/default.py: -2
[2014-12-20 14:03:03] EDIT Page_app/controllers/default.py: 2
[2014-12-20 14:03:30] EDIT Page_app/controllers/default.py: -1
[2014-12-20 14:03:48] EDIT Page_app/views/default/index.html: -1
[2014-12-20 14:05:08] EDIT Page_app/views/default/index.html: 0
[2014-12-20 14:05:27] EDIT Page_app/views/default/index.html: 0
[2014-12-20 14:06:16] EDIT Page_app/controllers/default.py: 0
[2014-12-20 14:07:37] EDIT Page_app/controllers/default.py: 1
[2014-12-20 14:08:19] EDIT Page_app/controllers/default.py: -1
[2014-12-20 14:08:34] EDIT Page_app/views/default/index.html: 1
[2014-12-20 14:09:01] EDIT Page_app/controllers/default.py: 0
[2014-12-20 14:09:38] EDIT Page_app/views/default/index.html: -2
[2014-12-20 14:09:54] EDIT Page_app/controllers/default.py: -42
[2014-12-20 14:10:38] EDIT Page_app/controllers/default.py: 42
[2014-12-20 14:11:54] EDIT Page_app/views/default/index.html: 3
[2014-12-20 14:12:05] EDIT Page_app/views/default/index.html: 0
[2014-12-20 14:12:07] EDIT Page_app/views/default/index.html: 0
[2014-12-20 14:15:53] EDIT Page_app/views/layout.html: -22
[2014-12-20 14:23:29] DELETE Page_app/views/layout2.html: -132
[2014-12-20 14:23:46] CREATE layout2.html: 0
[2014-12-20 14:24:47] EDIT Page_app/views/layout.html: 0
[2014-12-20 14:25:17] EDIT Page_app/views/layout.html: 0
[2014-12-20 14:25:25] EDIT Page_app/views/layout.html: -1
[2014-12-20 14:25:42] EDIT Page_app/views/layout.html: -22
[2014-12-20 14:26:50] EDIT Page_app/static/css/page_app.css: 0
[2014-12-20 14:29:57] EDIT Page_app/static/css/page_app.css: 2
[2014-12-20 14:30:00] EDIT Page_app/static/css/page_app.css: 0
[2014-12-20 14:30:03] EDIT Page_app/static/css/page_app.css: 0
[2014-12-20 14:30:49] EDIT Page_app/views/default/index.html: 0
[2014-12-20 14:31:10] EDIT Page_app/static/css/page_app.css: 0
[2014-12-20 14:31:30] EDIT Page_app/static/css/page_app.css: 0
[2014-12-20 14:32:53] EDIT Page_app/static/css/page_app.css: 0
[2014-12-20 14:32:57] EDIT Page_app/views/default/index.html: 0
[2014-12-20 14:34:54] EDIT Page_app/controllers/default.py: 3
[2014-12-20 14:34:56] EDIT Page_app/controllers/default.py: 0
[2014-12-20 14:35:33] EDIT Page_app/controllers/default.py: 1
[2014-12-20 14:35:36] EDIT Page_app/controllers/default.py: 0
[2014-12-20 14:35:45] EDIT Page_app/controllers/default.py: 0
[2014-12-20 14:35:54] EDIT Page_app/controllers/default.py: 0
[2014-12-20 14:35:58] EDIT Page_app/controllers/default.py: 0
[2014-12-20 21:39:57] EDIT Page_app/controllers/default.py: 0
[2014-12-20 22:10:05] EDIT Page_app/views/default/index.html: 0
[2014-12-21 02:26:53] EDIT Page_app/static/css/page_app.css: 0
[2014-12-21 02:27:32] EDIT Page_app/static/css/page_app.css: 0
[2014-12-21 02:28:09] EDIT Page_app/views/default/index.html: 0
[2014-12-21 02:28:11] EDIT Page_app/static/css/page_app.css: 0
[2014-12-21 02:31:17] EDIT Page_app/controllers/default.py: 2
[2014-12-21 02:31:53] EDIT Page_app/controllers/default.py: 0
[2014-12-21 02:35:32] EDIT Page_app/controllers/default.py: 5
[2014-12-21 02:36:03] EDIT Page_app/controllers/default.py: 1
[2014-12-21 02:36:10] EDIT Page_app/controllers/default.py: 0
[2014-12-21 02:36:53] EDIT Page_app/controllers/default.py: 0
[2014-12-21 02:37:18] EDIT Page_app/controllers/default.py: 0
[2014-12-21 02:37:54] EDIT Page_app/controllers/default.py: 1
[2014-12-21 02:39:42] EDIT Page_app/controllers/default.py: 0
[2014-12-21 02:42:21] EDIT Page_app/controllers/default.py: 1
[2014-12-21 02:43:18] EDIT Page_app/controllers/default.py: 0
[2014-12-21 02:43:21] EDIT Page_app/controllers/default.py: 0
[2014-12-21 02:43:24] EDIT Page_app/controllers/default.py: 0
[2014-12-21 02:43:57] EDIT Page_app/views/default/index.html: 1
[2014-12-21 02:44:30] EDIT Page_app/views/default/index.html: 0
[2014-12-21 02:44:48] EDIT Page_app/views/default/index.html: 0
[2014-12-21 02:45:13] EDIT Page_app/views/default/index.html: 0
[2014-12-21 02:45:44] EDIT Page_app/controllers/default.py: 1
[2014-12-21 02:47:24] EDIT Page_app/views/default/index.html: 4
[2014-12-21 02:48:07] EDIT Page_app/views/default/index.html: 2
[2014-12-21 02:48:51] EDIT Page_app/static/css/page_app.css: 6
[2014-12-21 02:50:07] EDIT Page_app/static/css/page_app.css: -1
[2014-12-21 02:50:22] EDIT Page_app/views/default/index.html: 0
[2014-12-21 02:50:55] EDIT Page_app/views/default/index.html: 1
[2014-12-21 02:51:33] EDIT Page_app/controllers/default.py: 0
[2014-12-21 02:51:59] EDIT Page_app/views/default/index.html: 0
[2014-12-21 02:52:23] EDIT Page_app/views/default/index.html: 0
[2014-12-21 02:52:46] EDIT Page_app/views/default/index.html: 0
[2014-12-21 02:53:29] EDIT Page_app/controllers/default.py: 0
[2014-12-21 02:54:05] EDIT Page_app/controllers/default.py: 1
[2014-12-21 02:54:15] EDIT Page_app/controllers/default.py: 1
[2014-12-21 02:54:19] EDIT Page_app/controllers/default.py: 0
[2014-12-21 02:55:03] EDIT Page_app/controllers/default.py: 1
[2014-12-21 02:57:58] EDIT Page_app/views/default/index.html: 0
[2014-12-21 02:58:48] EDIT Page_app/static/css/page_app.css: 2
[2014-12-21 03:01:52] EDIT Page_app/controllers/default.py: 4
[2014-12-21 03:04:15] EDIT Page_app/controllers/default.py: 2
[2014-12-21 03:38:54] EDIT Page_app/controllers/default.py: -2
[2014-12-21 03:38:58] EDIT Page_app/views/default/index.html: 0
[2014-12-21 03:45:24] EDIT Page_app/controllers/default.py: 0
[2014-12-21 03:45:44] EDIT Page_app/controllers/default.py: 0
[2014-12-21 03:46:02] EDIT Page_app/controllers/default.py: -2
